[[1;34mINFO[m] Scanning for projects...
[[1;34mINFO[m] 
[[1;34mINFO[m] [1m--------------------< [0;36mcs.msu.edu:CSCI_440_Project[0;1m >---------------------[m
[[1;34mINFO[m] [1mBuilding CSCI_440_Project 1.0-SNAPSHOT[m
[[1;34mINFO[m] [1m--------------------------------[ jar ]---------------------------------[m
[[1;34mINFO[m] 
[[1;34mINFO[m] [1m--- [0;32mmaven-resources-plugin:2.6:resources[m [1m(default-resources)[m @ [36mCSCI_440_Project[0;1m ---[m
[[1;33mWARNING[m] Using platform encoding (UTF-8 actually) to copy filtered resources, i.e. build is platform dependent!
[[1;34mINFO[m] Copying 33 resources
[[1;34mINFO[m] 
[[1;34mINFO[m] [1m--- [0;32mmaven-compiler-plugin:3.1:compile[m [1m(default-compile)[m @ [36mCSCI_440_Project[0;1m ---[m
[[1;34mINFO[m] Nothing to compile - all classes are up to date
[[1;34mINFO[m] 
[[1;34mINFO[m] [1m--- [0;32mmaven-resources-plugin:2.6:testResources[m [1m(default-testResources)[m @ [36mCSCI_440_Project[0;1m ---[m
[[1;33mWARNING[m] Using platform encoding (UTF-8 actually) to copy filtered resources, i.e. build is platform dependent!
[[1;34mINFO[m] skip non existing resourceDirectory /home/carson/Projects/msu/csci-440-fall2020/grading/scripts/repos/ian_deboo/src/test/resources
[[1;34mINFO[m] 
[[1;34mINFO[m] [1m--- [0;32mmaven-compiler-plugin:3.1:testCompile[m [1m(default-testCompile)[m @ [36mCSCI_440_Project[0;1m ---[m
[[1;34mINFO[m] Nothing to compile - all classes are up to date
[[1;34mINFO[m] 
[[1;34mINFO[m] [1m--- [0;32mmaven-surefire-plugin:2.22.1:test[m [1m(default-test)[m @ [36mCSCI_440_Project[0;1m ---[m
[[1;34mINFO[m] 
[[1;34mINFO[m] -------------------------------------------------------
[[1;34mINFO[m]  T E S T S
[[1;34mINFO[m] -------------------------------------------------------
[[1;34mINFO[m] Running edu.montana.csci.csci440.model.[1mInvoicesTest[m
Resetting DB After Test...
Resetting DB After Test...
Resetting DB After Test...
[[1;34mINFO[m] [1;32mTests run: [0;1;32m3[m, Failures: 0, Errors: 0, Skipped: 0, Time elapsed: 0.15 s - in edu.montana.csci.csci440.model.[1mInvoicesTest[m
[[1;34mINFO[m] Running edu.montana.csci.csci440.model.[1mArtistTest[m
Resetting DB After Test...
Resetting DB After Test...
Resetting DB After Test...
Resetting DB After Test...
Resetting DB After Test...
[[1;31mERROR[m] [1;31mTests [0;1mrun: [0;1m5[m, [1;31mFailures: [0;1;31m3[m, Errors: 0, Skipped: 0, Time elapsed: 0.041 s[1;31m <<< FAILURE![m - in edu.montana.csci.csci440.model.[1mArtistTest[m
[[1;31mERROR[m] testAllLoadsAllArtists  Time elapsed: 0.011 s  <<< FAILURE!
org.opentest4j.AssertionFailedError: expected: <347> but was: <275>
	at edu.montana.csci.csci440.model.ArtistTest.testAllLoadsAllArtists(ArtistTest.java:16)

[[1;31mERROR[m] testValidationWorks  Time elapsed: 0.002 s  <<< FAILURE!
org.opentest4j.AssertionFailedError: expected: <true> but was: <false>
	at edu.montana.csci.csci440.model.ArtistTest.testValidationWorks(ArtistTest.java:52)

[[1;31mERROR[m] testPagingWorks  Time elapsed: 0.004 s  <<< FAILURE!
org.opentest4j.AssertionFailedError: expected: <100> but was: <75>
	at edu.montana.csci.csci440.model.ArtistTest.testPagingWorks(ArtistTest.java:24)

[[1;34mINFO[m] Running edu.montana.csci.csci440.model.[1mEmployeeTest[m
Resetting DB After Test...
Resetting DB After Test...
Resetting DB After Test...
Resetting DB After Test...
Resetting DB After Test...
Resetting DB After Test...
Resetting DB After Test...
[[1;31mERROR[m] [1;31mTests [0;1mrun: [0;1m7[m, [1;31mFailures: [0;1;31m3[m, [1;31mErrors: [0;1;31m1[m, Skipped: 0, Time elapsed: 0.114 s[1;31m <<< FAILURE![m - in edu.montana.csci.csci440.model.[1mEmployeeTest[m
[[1;31mERROR[m] testUpdateWorks  Time elapsed: 0.012 s  <<< ERROR!
java.lang.UnsupportedOperationException: Implement me
	at edu.montana.csci.csci440.model.EmployeeTest.testUpdateWorks(EmployeeTest.java:77)

[[1;31mERROR[m] testCreateWorks  Time elapsed: 0.079 s  <<< FAILURE!
org.opentest4j.AssertionFailedError: expected: <edu.montana.csci.csci440.model.Employee@0> but was: <null>
	at edu.montana.csci.csci440.model.EmployeeTest.testCreateWorks(EmployeeTest.java:44)

[[1;31mERROR[m] testValidationWorks  Time elapsed: 0.001 s  <<< FAILURE!
org.opentest4j.AssertionFailedError: expected: <1> but was: <4>
	at edu.montana.csci.csci440.model.EmployeeTest.testValidationWorks(EmployeeTest.java:58)

[[1;31mERROR[m] testEmployeeSalesReport  Time elapsed: 0.008 s  <<< FAILURE!
org.opentest4j.AssertionFailedError: expected: <833.04> but was: <833.040000000001>
	at edu.montana.csci.csci440.model.EmployeeTest.testEmployeeSalesReport(EmployeeTest.java:94)

[[1;34mINFO[m] Running edu.montana.csci.csci440.model.[1mTrackTest[m
Resetting DB After Test...
Resetting DB After Test...
Resetting DB After Test...
Resetting DB After Test...
Resetting DB After Test...
null
3504
Resetting DB After Test...
Resetting DB After Test...
Resetting DB After Test...
Resetting DB After Test...
[[1;31mERROR[m] [1;31mTests [0;1mrun: [0;1m9[m, [1;31mFailures: [0;1;31m3[m, Errors: 0, Skipped: 0, Time elapsed: 0.128 s[1;31m <<< FAILURE![m - in edu.montana.csci.csci440.model.[1mTrackTest[m
[[1;31mERROR[m] testTrackListsWorks  Time elapsed: 0.006 s  <<< FAILURE!
org.opentest4j.AssertionFailedError: expected: <3> but was: <0>
	at edu.montana.csci.csci440.model.TrackTest.testTrackListsWorks(TrackTest.java:96)

[[1;31mERROR[m] testValidationWorks  Time elapsed: 0.003 s  <<< FAILURE!
org.opentest4j.AssertionFailedError: expected: <true> but was: <false>
	at edu.montana.csci.csci440.model.TrackTest.testValidationWorks(TrackTest.java:56)

[[1;31mERROR[m] testPagingWorks  Time elapsed: 0.018 s  <<< FAILURE!
org.opentest4j.AssertionFailedError: expected: <0> but was: <100>
	at edu.montana.csci.csci440.model.TrackTest.testPagingWorks(TrackTest.java:25)

[[1;34mINFO[m] Running edu.montana.csci.csci440.model.[1mPlaylistsTest[m
Resetting DB After Test...
Resetting DB After Test...
Resetting DB After Test...
[[1;31mERROR[m] [1;31mTests [0;1mrun: [0;1m3[m, Failures: 0, [1;31mErrors: [0;1;31m1[m, Skipped: 0, Time elapsed: 0.009 s[1;31m <<< FAILURE![m - in edu.montana.csci.csci440.model.[1mPlaylistsTest[m
[[1;31mERROR[m] testPlaylistFieldsLoad  Time elapsed: 0.003 s  <<< ERROR!
java.lang.NullPointerException
	at edu.montana.csci.csci440.model.PlaylistsTest.testPlaylistFieldsLoad(PlaylistsTest.java:22)

[[1;34mINFO[m] Running edu.montana.csci.csci440.model.[1mAlbumTest[m
Resetting DB After Test...
1
Resetting DB After Test...
null
Resetting DB After Test...
Resetting DB After Test...
Resetting DB After Test...
[[1;31mERROR[m] [1;31mTests [0;1mrun: [0;1m5[m, [1;31mFailures: [0;1;31m1[m, Errors: 0, Skipped: 0, Time elapsed: 0.042 s[1;31m <<< FAILURE![m - in edu.montana.csci.csci440.model.[1mAlbumTest[m
[[1;31mERROR[m] testValidationWorks  Time elapsed: 0.003 s  <<< FAILURE!
org.opentest4j.AssertionFailedError: expected: <true> but was: <false>
	at edu.montana.csci.csci440.model.AlbumTest.testValidationWorks(AlbumTest.java:54)

[[1;34mINFO[m] Running edu.montana.csci.csci440.model.[1mCustomerTest[m
Resetting DB After Test...
Resetting DB After Test...
Resetting DB After Test...
[[1;34mINFO[m] [1;32mTests run: [0;1;32m3[m, Failures: 0, Errors: 0, Skipped: 0, Time elapsed: 0.013 s - in edu.montana.csci.csci440.model.[1mCustomerTest[m
[[1;34mINFO[m] 
[[1;34mINFO[m] Results:
[[1;34mINFO[m] 
[[1;31mERROR[m] [1;31mFailures: [m
[[1;31mERROR[m] [1;31m  AlbumTest.testValidationWorks:54 expected: <true> but was: <false>[m
[[1;31mERROR[m] [1;31m  ArtistTest.testAllLoadsAllArtists:16 expected: <347> but was: <275>[m
[[1;31mERROR[m] [1;31m  ArtistTest.testPagingWorks:24 expected: <100> but was: <75>[m
[[1;31mERROR[m] [1;31m  ArtistTest.testValidationWorks:52 expected: <true> but was: <false>[m
[[1;31mERROR[m] [1;31m  EmployeeTest.testCreateWorks:44 expected: <edu.montana.csci.csci440.model.Employee@0> but was: <null>[m
[[1;31mERROR[m] [1;31m  EmployeeTest.testEmployeeSalesReport:94 expected: <833.04> but was: <833.040000000001>[m
[[1;31mERROR[m] [1;31m  EmployeeTest.testValidationWorks:58 expected: <1> but was: <4>[m
[[1;31mERROR[m] [1;31m  TrackTest.testPagingWorks:25 expected: <0> but was: <100>[m
[[1;31mERROR[m] [1;31m  TrackTest.testTrackListsWorks:96 expected: <3> but was: <0>[m
[[1;31mERROR[m] [1;31m  TrackTest.testValidationWorks:56 expected: <true> but was: <false>[m
[[1;31mERROR[m] [1;31mErrors: [m
[[1;31mERROR[m] [1;31m  EmployeeTest.testUpdateWorks:77 Â» UnsupportedOperation Implement me[m
[[1;31mERROR[m] [1;31m  PlaylistsTest.testPlaylistFieldsLoad:22 Â» NullPointer[m
[[1;34mINFO[m] 
[[1;31mERROR[m] [1;31mTests run: 35, Failures: 10, Errors: 2, Skipped: 0[m
[[1;34mINFO[m] 
[[1;34mINFO[m] [1m------------------------------------------------------------------------[m
[[1;34mINFO[m] [1;31mBUILD FAILURE[m
[[1;34mINFO[m] [1m------------------------------------------------------------------------[m
[[1;34mINFO[m] Total time:  2.995 s
[[1;34mINFO[m] Finished at: 2020-11-11T12:40:49-07:00
[[1;34mINFO[m] [1m------------------------------------------------------------------------[m
[[1;31mERROR[m] Failed to execute goal [32morg.apache.maven.plugins:maven-surefire-plugin:2.22.1:test[m [1m(default-test)[m on project [36mCSCI_440_Project[m: [1;31mThere are test failures.[m
[[1;31mERROR[m] [1;31m[m
[[1;31mERROR[m] [1;31mPlease refer to /home/carson/Projects/msu/csci-440-fall2020/grading/scripts/repos/ian_deboo/target/surefire-reports for the individual test results.[m
[[1;31mERROR[m] [1;31mPlease refer to dump files (if any exist) [date].dump, [date]-jvmRun[N].dump and [date].dumpstream.[m
[[1;31mERROR[m] -> [1m[Help 1][m
[[1;31mERROR[m] 
[[1;31mERROR[m] To see the full stack trace of the errors, re-run Maven with the [1m-e[m switch.
[[1;31mERROR[m] Re-run Maven using the [1m-X[m switch to enable full debug logging.
[[1;31mERROR[m] 
[[1;31mERROR[m] For more information about the errors and possible solutions, please read the following articles:
[[1;31mERROR[m] [1m[Help 1][m http://cwiki.apache.org/confluence/display/MAVEN/MojoFailureException
